find src/java/core -name "*.java" | xargs wc | sort -n &&  find src/java/core -name "*.scala" | xargs wc | sort -n
       3       9     106 src/java/core/leapstream/scoreboard/edge/java/io/ByteArrayInputStream.java
       4       7      71 src/java/core/leapstream/scoreboard/core/ui/tile/Tile.java
       4       7      80 src/java/core/leapstream/scoreboard/pylons/score/ui/comp/Title.java
       4       9      99 src/java/core/leapstream/scoreboard/alien/ui/gunge/flash/Flasher.java
       4       9      99 src/java/core/leapstream/scoreboard/edge/java/io/InputStreamReader.java
       4       9     100 src/java/core/leapstream/scoreboard/alien/aqueduct/ResivoirWorker.java
       4       9     104 src/java/core/leapstream/scoreboard/edge/java/text/SimpleDateFormat.java
       4       9     122 src/java/core/leapstream/scoreboard/alien/io/stream/BytesFromInputStream.java
       4      10     106 src/java/core/leapstream/scoreboard/alien/aqueduct/Conduit.java
       4      10     121 src/java/core/leapstream/scoreboard/alien/aqueduct/Resivoir.java
       5       9      91 src/java/core/leapstream/scoreboard/core/ui/config/Config.java
       5       9      94 src/java/core/leapstream/scoreboard/edge/java/io/Closeable.java
       5       9      99 src/java/core/leapstream/scoreboard/alien/ui/audio/core/Playable.java
       5       9     100 src/java/core/leapstream/scoreboard/alien/aqueduct/ConduitOut.java
       5       9     100 src/java/core/leapstream/scoreboard/alien/ui/audio/core/AudioWirer.java
       5       9     104 src/java/core/leapstream/scoreboard/alien/resilient/TimeoutHandler.java
       5       9     105 src/java/core/leapstream/scoreboard/pylons/score/ui/layout/Spacings.java
       5      10      94 src/java/core/leapstream/scoreboard/core/model/Result.java
       5      10     104 src/java/core/leapstream/scoreboard/pylons/score/ui/comp/Peg.java
       5      10     109 src/java/core/leapstream/scoreboard/alien/aqueduct/AqueductWirer.java
       5      10     110 src/java/core/leapstream/scoreboard/alien/ui/gunge/image/Image.java
       5      10     111 src/java/core/leapstream/scoreboard/alien/aqueduct/ConduitIn.java
       5      10     112 src/java/core/leapstream/scoreboard/alien/resilient/ErrorHandler.java
       5      10     113 src/java/core/leapstream/scoreboard/alien/ui/audio/core/Audio.java
       5      10     117 src/java/core/leapstream/scoreboard/core/entry/ScoreboardArguments.java
       5      10     118 src/java/core/leapstream/scoreboard/core/config/script/Configurator.java
       5      11     152 src/java/core/leapstream/scoreboard/core/model/Id.java
       5      11     153 src/java/core/leapstream/scoreboard/core/model/Name.java
       5      14     134 src/java/core/leapstream/scoreboard/alien/script/Args.java
       5      14     140 src/java/core/leapstream/scoreboard/edge/javax/sound/sampled/DataLine.java
       6      11     123 src/java/core/leapstream/scoreboard/alien/ui/gunge/flash/WidgetFlasher.java
       6      11     139 src/java/core/leapstream/scoreboard/core/bits/Bits.java
       6      11     141 src/java/core/leapstream/scoreboard/core/ui/layout/BoardLayoutManager.java
       6      11     142 src/java/core/leapstream/scoreboard/edge/java/io/Reader.java
       6      11     158 src/java/core/leapstream/scoreboard/edge/javax/net/ssl/SSLSocketFactory.java
       6      11     159 src/java/core/leapstream/scoreboard/alien/aqueduct/Pool.java
       6      11     159 src/java/core/leapstream/scoreboard/edge/javax/sound/sampled/AudioFormat.java
       6      11     169 src/java/core/leapstream/scoreboard/alien/ui/gunge/image/ImageData.java
       6      11     173 src/java/core/leapstream/scoreboard/pylons/image/ui/core/ImageTileWidgets.java
       6      11     173 src/java/core/leapstream/scoreboard/pylons/score/ui/core/ScoreTileWidgets.java
       6      11     176 src/java/core/leapstream/scoreboard/pylons/status/ui/core/StatusTileWidgets.java
       6      12     132 src/java/core/leapstream/scoreboard/alien/aqueduct/ResivoirManager.java
       6      12     133 src/java/core/leapstream/scoreboard/core/ui/frob/WindowFrobber.java
       6      12     142 src/java/core/leapstream/scoreboard/alien/ui/swing/pear/LayeredPane.java
       6      12     161 src/java/core/leapstream/scoreboard/pylons/score/ui/layout/TileLayoutManager.java
       6      13     112 src/java/core/leapstream/scoreboard/alien/ui/core/Control.java
       6      13     208 src/java/core/leapstream/scoreboard/core/model/ImageLocation.java
       6      14     167 src/java/core/leapstream/scoreboard/pylons/score/ui/comp/Status.java
       6      14     176 src/java/core/leapstream/scoreboard/edge/java/io/OutputStream.java
       6      15     122 src/java/core/leapstream/scoreboard/core/ui/key/Handler.java
       6      15     165 src/java/core/leapstream/scoreboard/core/config/script/ExtensionMaster.java
       6      19     150 src/java/core/leapstream/scoreboard/core/poll/Poller.java
       6      19     159 src/java/core/leapstream/scoreboard/core/model/Stati.java
       6      21     169 src/java/core/leapstream/scoreboard/alien/clobber/read/lex/Lexer.java
       6      22     172 src/java/core/leapstream/scoreboard/alien/clobber/core/Dumper.java
       6      22     182 src/java/core/leapstream/scoreboard/alien/clobber/read/parse/ParserFactory.java
       6      22     183 src/java/core/leapstream/scoreboard/alien/clobber/read/parse/NameMapper.java
       6      22     184 src/java/core/leapstream/scoreboard/alien/clobber/read/lex/NuLexer.java
       6      22     218 src/java/core/leapstream/scoreboard/alien/resilient/ResilientRunnables.java
       6      25     180 src/java/core/leapstream/scoreboard/core/poll/Threads.java
       7      11     123 src/java/core/leapstream/scoreboard/alien/ui/core/Ui.java
       7      11     152 src/java/core/leapstream/scoreboard/core/ui/widgets/Widgets.java
       7      12     130 src/java/core/leapstream/scoreboard/pylons/score/ui/lf/Colors.java
       7      12     147 src/java/core/leapstream/scoreboard/core/sounds/Sounds.java
       7      12     150 src/java/core/leapstream/scoreboard/core/ui/widgets/Board.java
       7      12     159 src/java/core/leapstream/scoreboard/alien/io/file/Files.java
       7      12     164 src/java/core/leapstream/scoreboard/pylons/score/ui/comp/Pegs.java
       7      12     165 src/java/core/leapstream/scoreboard/pylons/score/ui/comp/Freshness.java
       7      12     169 src/java/core/leapstream/scoreboard/alien/gunge/StringSlurper.java
       7      12     171 src/java/core/leapstream/scoreboard/alien/io/stream/FromInputStream.java
       7      12     181 src/java/core/leapstream/scoreboard/alien/ui/dialog/InputDialog.java
       7      13     126 src/java/core/leapstream/scoreboard/core/ui/key/Navigator.java
       7      13     151 src/java/core/leapstream/scoreboard/pylons/score/state/ScoreDelta.java
       7      13     166 src/java/core/leapstream/scoreboard/alien/collections/Queues.java
       7      13     173 src/java/core/leapstream/scoreboard/edge/java/io/BufferedReader.java
       7      13     184 src/java/core/leapstream/scoreboard/core/model/History.java
       7      13     193 src/java/core/leapstream/scoreboard/edge/javax/net/ssl/SSLContextStatic.java
       7      13     196 src/java/core/leapstream/scoreboard/core/model/ImagePack.java
       7      13     200 src/java/core/leapstream/scoreboard/edge/javax/sound/sampled/AudioInputStream.java
       7      13     232 src/java/core/leapstream/scoreboard/pylons/score/job/ScoreFromInputStream.java
       7      14     147 src/java/core/leapstream/scoreboard/alien/ui/gunge/layout/Tiler.java
       7      14     151 src/java/core/leapstream/scoreboard/alien/ui/gunge/border/Borders.java
       7      14     160 src/java/core/leapstream/scoreboard/core/gunge/Builder.java
       7      14     165 src/java/core/leapstream/scoreboard/pylons/score/ui/audio/Gong.java
       7      14     183 src/java/core/leapstream/scoreboard/core/config/script/ConfiguratorFu.java
       7      14     184 src/java/core/leapstream/scoreboard/alien/script/ScriptFu.java
       7      14     186 src/java/core/leapstream/scoreboard/edge/java/net/InetAddress.java
       7      14     189 src/java/core/leapstream/scoreboard/edge/java/net/InetAddressStatic.java
       7      14     193 src/java/core/leapstream/scoreboard/alien/net/auth/HttpAuth.java
       7      14     211 src/java/core/leapstream/scoreboard/core/ui/widgets/NavigableTile.java
       7      14     223 src/java/core/leapstream/scoreboard/core/gunge/Imager.java
       7      14     228 src/java/core/leapstream/scoreboard/edge/javax/net/ssl/HttpsURLConnection.java
       7      16     178 src/java/core/leapstream/scoreboard/core/pylon/PylonWirer.java
       7      16     180 src/java/core/leapstream/scoreboard/alien/ui/gunge/layout/LayoutDude.java
       7      16     187 src/java/core/leapstream/scoreboard/alien/ui/gunge/fitter/Insider.java
       7      16     187 src/java/core/leapstream/scoreboard/edge/javax/sound/sampled/Line.java
       7      18     206 src/java/core/leapstream/scoreboard/alien/ui/core/Widget.java
       7      19     198 src/java/core/leapstream/scoreboard/alien/ui/gunge/thread/ThreadUtil.java
       7      21     223 src/java/core/leapstream/scoreboard/alien/ui/swing/type/FontRatio.java
       7      25     215 src/java/core/leapstream/scoreboard/alien/clobber/read/parse/TypeMapper.java
       7      27     198 src/java/core/leapstream/scoreboard/alien/io/file/Paths.java
       7      28     226 src/java/core/leapstream/scoreboard/core/config/exposed/Seeds.java
       7      31     228 src/java/core/leapstream/scoreboard/pylons/score/ui/lf/PropDefs.java
       7      31     232 src/java/core/leapstream/scoreboard/core/config/exposed/Applicator.java
       7      35     269 src/java/core/leapstream/scoreboard/core/config/exposed/Applicators.java
       7      35     279 src/java/core/leapstream/scoreboard/core/config/exposed/ExposedConfig.java
       8      12     160 src/java/core/leapstream/scoreboard/pylons/score/push/ScorePusher.java
       8      13     178 src/java/core/leapstream/scoreboard/edge/java/lang/Class.java
       8      13     194 src/java/core/leapstream/scoreboard/alien/ui/val/AspectRatio.java
       8      13     196 src/java/core/leapstream/scoreboard/alien/ui/val/PreferredSize.java
       8      14     183 src/java/core/leapstream/scoreboard/pylons/score/ui/layout/LayoutDud.java
       8      14     213 src/java/core/leapstream/scoreboard/alien/net/url/UrlGetter.java
       8      14     239 src/java/core/leapstream/scoreboard/core/images/ImageGrabber.java
       8      15     179 src/java/core/leapstream/scoreboard/alien/ui/swing/containers/Failable.java
       8      15     198 src/java/core/leapstream/scoreboard/core/gunge/Statistician.java
       8      15     199 src/java/core/leapstream/scoreboard/alien/ui/swing/type/FontSpec.java
       8      15     216 src/java/core/leapstream/scoreboard/alien/net/core/SocketMaster.java
       8      16     195 src/java/core/leapstream/scoreboard/alien/ui/gunge/layout/Cardinal.java
       8      16     218 src/java/core/leapstream/scoreboard/pylons/score/core/ScorePylonWirerFu.java
       8      16     220 src/java/core/leapstream/scoreboard/pylons/status/core/StatusPylonWirerFu.java
       8      16     282 src/java/core/leapstream/scoreboard/alien/ui/audio/wav/Streama.java
       8      17     200 src/java/core/leapstream/scoreboard/pylons/image/core/ImagePylonWirer.java
       8      17     211 src/java/core/leapstream/scoreboard/core/config/script/ConfiguratorLibraries.java
       8      17     246 src/java/core/leapstream/scoreboard/alien/net/url/UrlProcessor.java
       8      18     184 src/java/core/leapstream/scoreboard/pylons/score/ui/layout/TileManager.java
       8      18     202 src/java/core/leapstream/scoreboard/alien/ui/gunge/fitter/Fitter.java
       8      20     176 src/java/core/leapstream/scoreboard/alien/aqueduct/Aqueduct.java
       8      20     255 src/java/core/leapstream/scoreboard/pylons/image/pull/ImagePuller.java
       8      20     255 src/java/core/leapstream/scoreboard/pylons/image/push/ImagePusher.java
       8      21     219 src/java/core/leapstream/scoreboard/pylons/status/core/StatusPylonWirer.java
       8      24     238 src/java/core/leapstream/scoreboard/alien/io/file/DefaultPaths.java
       8      24     253 src/java/core/leapstream/scoreboard/alien/clobber/read/parse/Parser.java
       8      25     220 src/java/core/leapstream/scoreboard/alien/clobber/read/lex/Scanner.java
       8      27     251 src/java/core/leapstream/scoreboard/alien/clobber/core/Slurper.java
       8      34     333 src/java/core/leapstream/scoreboard/pylons/score/core/PollThing.java
       9      15     175 src/java/core/leapstream/scoreboard/core/gunge/Urler.java
       9      15     178 src/java/core/leapstream/scoreboard/alien/net/url/UrlSlurper.java
       9      16     208 src/java/core/leapstream/scoreboard/core/ui/fail/JollyRoger.java
       9      16     225 src/java/core/leapstream/scoreboard/pylons/score/ui/wire/Layout.java
       9      17     197 src/java/core/leapstream/scoreboard/alien/ui/gunge/invert/Inverter.java
       9      17     227 src/java/core/leapstream/scoreboard/core/model/Build.java
       9      17     242 src/java/core/leapstream/scoreboard/alien/gunge/Resources.java
       9      17     244 src/java/core/leapstream/scoreboard/core/model/Status.java
       9      18     160 src/java/core/leapstream/scoreboard/core/ui/key/EscHandler.java
       9      18     164 src/java/core/leapstream/scoreboard/core/ui/key/RightHandler.java
       9      18     238 src/java/core/leapstream/scoreboard/alien/ui/audio/core/Playables.java
       9      19     298 src/java/core/leapstream/scoreboard/edge/javax/sound/sampled/AudioSystemStatic.java
       9      20     222 src/java/core/leapstream/scoreboard/alien/script/Arg.java
       9      21     229 src/java/core/leapstream/scoreboard/edge/java/io/InputStream.java
       9      22     240 src/java/core/leapstream/scoreboard/alien/ui/gunge/layout/Scraps.java
       9      23     221 src/java/core/leapstream/scoreboard/alien/script/Script.java
       9      30     255 src/java/core/leapstream/scoreboard/alien/ui/gunge/layout/ArrangeDude.java
       9      32     262 src/java/core/leapstream/scoreboard/alien/gunge/TimePointFormat.java
       9      35     273 src/java/core/leapstream/scoreboard/alien/clobber/read/lex/SimpleLexer.java
       9      36     284 src/java/core/leapstream/scoreboard/pylons/score/core/ScorePylonWirer.java
       9      41     309 src/java/core/leapstream/scoreboard/alien/clobber/core/DefaultDumper.java
      10      17     222 src/java/core/leapstream/scoreboard/core/pylon/Pylon.java
      10      18     266 src/java/core/leapstream/scoreboard/alien/ui/gunge/flash/FlashBang.java
      10      19     263 src/java/core/leapstream/scoreboard/core/model/Run.java
      10      20     265 src/java/core/leapstream/scoreboard/core/gunge/Historian.java
      10      20     272 src/java/core/leapstream/scoreboard/edge/java/awt/FontStatic.java
      10      20     349 src/java/core/leapstream/scoreboard/pylons/status/ui/core/StatusTile.java
      10      20     350 src/java/core/leapstream/scoreboard/pylons/image/ui/core/ImageTile.java
      10      21     320 src/java/core/leapstream/scoreboard/pylons/image/core/ImagePylonWirerFu.java
      10      28     216 src/java/core/leapstream/scoreboard/core/ui/key/LeftHandler.java
      10      31     373 src/java/core/leapstream/scoreboard/pylons/score/config/ScoreExposedConfig.java
      10      33     379 src/java/core/leapstream/scoreboard/pylons/score/core/UiThing.java
      10      34     260 src/java/core/leapstream/scoreboard/alien/ui/gunge/layout/DefaultTiler.java
      10      34     306 src/java/core/leapstream/scoreboard/core/pylon/Pylons.java
      10      36     313 src/java/core/leapstream/scoreboard/alien/gunge/TimePointFormatter.java
      10      36     337 src/java/core/leapstream/scoreboard/core/config/exposed/Seed.java
      10      38     340 src/java/core/leapstream/scoreboard/alien/clobber/read/lex/Token.java
      10      38     364 src/java/core/leapstream/scoreboard/alien/ui/swing/pear/FrameProvider.java
      10      39     363 src/java/core/leapstream/scoreboard/pylons/score/ui/comp/Dial.java
      10      63     496 src/java/core/leapstream/scoreboard/core/config/exposed/ConfigRegistry.java
      11      17     212 src/java/core/leapstream/scoreboard/edge/java/io/File.java
      11      19     212 src/java/core/leapstream/scoreboard/core/ui/key/CHandler.java
      11      19     214 src/java/core/leapstream/scoreboard/pylons/score/ui/comp/DialColors.java
      11      19     279 src/java/core/leapstream/scoreboard/alien/script/Engines.java
      11      20     219 src/java/core/leapstream/scoreboard/core/ui/key/UpHandler.java
      11      20     223 src/java/core/leapstream/scoreboard/core/ui/key/DownHandler.java
      11      21     337 src/java/core/leapstream/scoreboard/edge/java/lang/ClassLoader.java
      11      24     367 src/java/core/leapstream/scoreboard/edge/javax/script/ScriptEngineManager.java
      11      26     279 src/java/core/leapstream/scoreboard/pylons/score/state/ScorePylonState.java
      11      35     325 src/java/core/leapstream/scoreboard/alien/clobber/read/lex/SimpleToken.java
      11      37     360 src/java/core/leapstream/scoreboard/alien/ui/gunge/aspect/AspectAdjuster.java
      11      39     371 src/java/core/leapstream/scoreboard/alien/ui/swing/pear/PanelProvider.java
      12      23     323 src/java/core/leapstream/scoreboard/pylons/score/push/StateScorePusher.java
      12      25     350 src/java/core/leapstream/scoreboard/alien/ui/swing/pear/LabelProvider.java
      12      26     299 src/java/core/leapstream/scoreboard/pylons/score/push/LogScorePusher.java
      12      26     341 src/java/core/leapstream/scoreboard/core/sounds/DefaultSounds.java
      12      26     375 src/java/core/leapstream/scoreboard/edge/javax/net/ssl/SSLContext.java
      12      30     291 src/java/core/leapstream/scoreboard/alien/clobber/read/lex/TokenStream.java
      12      31     327 src/java/core/leapstream/scoreboard/core/ui/key/SHandler.java
      12      33     278 src/java/core/leapstream/scoreboard/core/ui/key/HHandler.java
      12      36     291 src/java/core/leapstream/scoreboard/core/ui/key/SpaceHandler.java
      12      36     454 src/java/core/leapstream/scoreboard/alien/resilient/DefaultResilientRunnables.java
      12      41     501 src/java/core/leapstream/scoreboard/alien/clobber/read/parse/StringParser.java
      12      48     410 src/java/core/leapstream/scoreboard/alien/ui/gunge/fitter/DefaultFitter.java
      13      19     254 src/java/core/leapstream/scoreboard/edge/java/net/URL.java
      13      23     266 src/java/core/leapstream/scoreboard/alien/ui/swing/pear/Panel.java
      13      24     279 src/java/core/leapstream/scoreboard/core/gunge/Timestamp.java
      13      25     257 src/java/core/leapstream/scoreboard/edge/javax/sound/sampled/SourceDataLine.java
      13      26     400 src/java/core/leapstream/scoreboard/pylons/score/job/DefaultScoreFromInputStream.java
      13      27     323 src/java/core/leapstream/scoreboard/alien/ui/gunge/layout/Layout.java
      13      30     493 src/java/core/leapstream/scoreboard/edge/java/net/URLConnection.java
      13      31     340 src/java/core/leapstream/scoreboard/alien/collections/DefaultQueues.java
      14      21     295 src/java/core/leapstream/scoreboard/core/model/Score.java
      14      24     298 src/java/core/leapstream/scoreboard/edge/java/text/DateFormat.java
      14      27     417 src/java/core/leapstream/scoreboard/pylons/image/pull/DefaultImagePuller.java
      14      33     385 src/java/core/leapstream/scoreboard/core/poll/DefaultPoller.java
      14      34     340 src/java/core/leapstream/scoreboard/alien/ui/gunge/invert/DefaultInverter.java
      14      38     444 src/java/core/leapstream/scoreboard/core/pylon/DefaultPylonWirer.java
      14      39     430 src/java/core/leapstream/scoreboard/alien/net/protocol/http/HttpSocketMaster.java
      14      46     367 src/java/core/leapstream/scoreboard/alien/clobber/read/parse/DefaultNameMapper.java
      14      63     472 src/java/core/leapstream/scoreboard/core/poll/Times.java
      15      23     264 src/java/core/leapstream/scoreboard/edge/java/lang/Thread.java
      15      29     336 src/java/core/leapstream/scoreboard/alien/ui/audio/core/DefaultAudio.java
      15      33     358 src/java/core/leapstream/scoreboard/alien/ui/audio/core/SequentialPlayable.java
      15      36     421 src/java/core/leapstream/scoreboard/core/ui/key/FullScreenHandler.java
      15      37     308 src/java/core/leapstream/scoreboard/core/ui/widgets/NavigableTiles.java
      15      39     411 src/java/core/leapstream/scoreboard/alien/io/file/DefaultFiles.java
      15      49     570 src/java/core/leapstream/scoreboard/alien/ui/dialog/DefaultInputDialog.java
      15      50     417 src/java/core/leapstream/scoreboard/pylons/score/ui/lf/DefaultColors.java
      16      30     289 src/java/core/leapstream/scoreboard/core/poll/Poll.java
      16      30     572 src/java/core/leapstream/scoreboard/pylons/image/core/ImageWeb.java
      16      31     530 src/java/core/leapstream/scoreboard/alien/aqueduct/AqueductWeb.java
      16      36     489 src/java/core/leapstream/scoreboard/core/gunge/DefaultImager.java
      17      29     390 src/java/core/leapstream/scoreboard/core/ui/frob/DefaultWindowFrobber.java
      17      34     488 src/java/core/leapstream/scoreboard/pylons/score/job/ScoreTimeoutHandler.java
      17      35     492 src/java/core/leapstream/scoreboard/pylons/score/job/ScoreErrorHandler.java
      17      39     540 src/java/core/leapstream/scoreboard/core/ui/config/DefaultConfig.java
      17      43     492 src/java/core/leapstream/scoreboard/core/gunge/DefaultBuilder.java
      17      58     617 src/java/core/leapstream/scoreboard/alien/ui/audio/wav/DefaultStreama.java
      18      32     421 src/java/core/leapstream/scoreboard/edge/javax/script/ScriptEngine.java
      18      34     349 src/java/core/leapstream/scoreboard/alien/aqueduct/DefaultAqueduct.java
      18      40     518 src/java/core/leapstream/scoreboard/alien/net/url/DefaultUrlProcessor.java
      18      43     589 src/java/core/leapstream/scoreboard/pylons/score/ui/audio/DefaultGong.java
      19      34     386 src/java/core/leapstream/scoreboard/pylons/image/push/HubImagePusher.java
      19      36     750 src/java/core/leapstream/scoreboard/pylons/score/core/StatusUiWeb.java
      19      38     497 src/java/core/leapstream/scoreboard/alien/aqueduct/DefaultConduit.java
      19      43     449 src/java/core/leapstream/scoreboard/alien/resilient/SafeRunnable.java
      19      44     507 src/java/core/leapstream/scoreboard/alien/ui/gunge/thread/DefaultThreadUtil.java
      19      45     485 src/java/core/leapstream/scoreboard/alien/ui/gunge/layer/MethodRunnable.java
      19      54     591 src/java/core/leapstream/scoreboard/alien/ui/gunge/border/DefaultBorders.java
      19      58     649 src/java/core/leapstream/scoreboard/alien/clobber/read/parse/EnumParser.java
      19      60     527 src/java/core/leapstream/scoreboard/core/gunge/DefaultUrler.java
      19      67     811 src/java/core/leapstream/scoreboard/alien/io/stream/DefaultBytesFromInputStream.java
      19      86     816 src/java/core/leapstream/scoreboard/alien/net/auth/DefaultHttpAuth.java
      20      34     607 src/java/core/leapstream/scoreboard/pylons/score/ui/gunge/Digger.java
      20      42     436 src/java/core/leapstream/scoreboard/alien/script/DefaultArgs.java
      20      43     512 src/java/core/leapstream/scoreboard/core/config/exposed/ReflectiveApplicator.java
      20      56     632 src/java/core/leapstream/scoreboard/alien/script/DefaultScriptFu.java
      21      46     666 src/java/core/leapstream/scoreboard/alien/ui/audio/core/DefaultPlayables.java
      21      47     599 src/java/core/leapstream/scoreboard/core/config/script/DefaultConfigurator.java
      21      54     568 src/java/core/leapstream/scoreboard/alien/ui/swing/pear/Label.java
      21      54     623 src/java/core/leapstream/scoreboard/core/gunge/DefaultStatistician.java
      21      54     676 src/java/core/leapstream/scoreboard/alien/ui/gunge/flash/DefaultFlashBang.java
      21      57     540 src/java/core/leapstream/scoreboard/alien/ui/gunge/flash/DefaultFlasher.java
      21      63     662 src/java/core/leapstream/scoreboard/pylons/status/core/DefaultStatusPylonWirer.java
      21      67     684 src/java/core/leapstream/scoreboard/pylons/score/core/DefaultScorePylonWirer.java
      21      78     777 src/java/core/leapstream/scoreboard/alien/gunge/DefaultTimePointFormat.java
      22      43     804 src/java/core/leapstream/scoreboard/alien/ui/audio/core/AudioWeb.java
      22      49     617 src/java/core/leapstream/scoreboard/alien/net/url/StringUrlSlurper.java
      22      51     797 src/java/core/leapstream/scoreboard/core/images/DefaultImageGrabber.java
      22      58    1008 src/java/core/leapstream/scoreboard/pylons/score/core/DefaultPollThing.java
      22      67     649 src/java/core/leapstream/scoreboard/pylons/score/push/HubScorePusher.java
      22      76     755 src/java/core/leapstream/scoreboard/alien/ui/gunge/fitter/DefaultInsider.java
      22      82     717 src/java/core/leapstream/scoreboard/core/config/script/DefaultExtensionMaster.java
      23      44     917 src/java/core/leapstream/scoreboard/pylons/score/core/PeggedUiWeb.java
      23      50     619 src/java/core/leapstream/scoreboard/pylons/image/push/UiImagePusher.java
      23      53     839 src/java/core/leapstream/scoreboard/alien/aqueduct/DefaultAqueductWirer.java
      23      54     743 src/java/core/leapstream/scoreboard/pylons/image/pull/RotatingImagePuller.java
      23      62     717 src/java/core/leapstream/scoreboard/alien/ui/gunge/layer/InvokeLaterLayer.java
      23      74     684 src/java/core/leapstream/scoreboard/alien/ui/gunge/aspect/DefaultAspectAdjuster.java
      24      58     643 src/java/core/leapstream/scoreboard/core/bits/DefaultBits.java
      24      58     776 src/java/core/leapstream/scoreboard/pylons/score/job/ScoreRunnable.java
      24      77     886 src/java/core/leapstream/scoreboard/core/config/exposed/DefaultApplicators.java
      25      55     716 src/java/core/leapstream/scoreboard/alien/net/ssl/NaiveTrustManager.java
      25      57     840 src/java/core/leapstream/scoreboard/pylons/score/ui/core/ScoreTile.java
      25      60     895 src/java/core/leapstream/scoreboard/alien/ui/audio/core/DefaultAudioWirer.java
      25      69     821 src/java/core/leapstream/scoreboard/alien/clobber/read/parse/DefaultParser.java
      26      46     521 src/java/core/leapstream/scoreboard/alien/ui/audio/core/Speaker.java
      26      51     616 src/java/core/leapstream/scoreboard/core/gunge/DefaultTimestamp.java
      26      53     533 src/java/core/leapstream/scoreboard/core/pylon/WrappedPylon.java
      26      69     964 src/java/core/leapstream/scoreboard/alien/clobber/read/parse/TimePointParser.java
      26      72     802 src/java/core/leapstream/scoreboard/alien/ui/gunge/layout/DefaultCardinal.java
      26      90    1142 src/java/core/leapstream/scoreboard/alien/clobber/core/ClobberWeb.java
      27      62     828 src/java/core/leapstream/scoreboard/core/config/script/DefaultConfiguratorLibraries.java
      27     103    1163 src/java/core/leapstream/scoreboard/alien/clobber/read/parse/DefaultParserFactory.java
      28      51    1099 src/java/core/leapstream/scoreboard/alien/ioc/AlienWeb.java
      28      61     589 src/java/core/leapstream/scoreboard/core/pylon/DefaultPylon.java
      28      64     889 src/java/core/leapstream/scoreboard/pylons/image/core/DefaultImagePylonWirer.java
      28      65     741 src/java/core/leapstream/scoreboard/alien/ui/gunge/image/DefaultImage.java
      28      82     725 src/java/core/leapstream/scoreboard/pylons/score/state/DefaultScorePylonState.java
      28      89     909 src/java/core/leapstream/scoreboard/alien/ui/gunge/layout/OneSixthLayoutManager.java
      28      91     908 src/java/core/leapstream/scoreboard/core/config/exposed/DefaultConfigRegistry.java
      29      59     811 src/java/core/leapstream/scoreboard/alien/ui/audio/wav/SafeStreama.java
      29      68     843 src/java/core/leapstream/scoreboard/alien/ui/gunge/layout/BoomLayoutManager.java
      29      72     730 src/java/core/leapstream/scoreboard/core/config/exposed/DefaultSeeds.java
      29      88    1115 src/java/core/leapstream/scoreboard/alien/clobber/core/DefaultSlurper.java
      30      92    1240 src/java/core/leapstream/scoreboard/alien/script/DefaultEngines.java
      30      96    1078 src/java/core/leapstream/scoreboard/pylons/status/push/StatusUiScorePusher.java
      31      92     980 src/java/core/leapstream/scoreboard/alien/gunge/DefaultTimePointFormatter.java
      31     108     893 src/java/core/leapstream/scoreboard/pylons/score/ui/layout/DefaultSpacings.java
      33      71     846 src/java/core/leapstream/scoreboard/alien/resilient/TimeBoxedRunnable.java
      33      75    1052 src/java/core/leapstream/scoreboard/alien/clobber/read/parse/ListParser.java
      33      77     662 src/java/core/leapstream/scoreboard/core/ui/key/DefaultNavigator.java
      33      78     931 src/java/core/leapstream/scoreboard/alien/ui/audio/voice/VoicePlayable.java
      33     142    1164 src/java/core/leapstream/scoreboard/alien/ui/gunge/layout/DefaultArrangeDude.java
      34      76     844 src/java/core/leapstream/scoreboard/core/pylon/DefaultPylons.java
      34      98    1003 src/java/core/leapstream/scoreboard/alien/clobber/read/parse/DefaultTypeMapper.java
      34     101    1068 src/java/core/leapstream/scoreboard/pylons/score/ui/layout/DefaultTileLayoutManager.java
      35      91    1059 src/java/core/leapstream/scoreboard/alien/gunge/DefaultResources.java
      35      93    1255 src/java/core/leapstream/scoreboard/pylons/score/ui/core/DefaultScoreTileWidgets.java
      35     135    1337 src/java/core/leapstream/scoreboard/alien/ui/gunge/layout/DefaultScraps.java
      36      84    1151 src/java/core/leapstream/scoreboard/pylons/score/ui/gunge/DefaultDigger.java
      36     110    1440 src/java/core/leapstream/scoreboard/pylons/score/core/DefaultScorePylonWirerFu.java
      36     130    1357 src/java/core/leapstream/scoreboard/alien/net/url/DefaultUrlGetter.java
      37      97    1179 src/java/core/leapstream/scoreboard/alien/ui/gunge/flash/DefaultWidgetFlasher.java
      37     160    1517 src/java/core/leapstream/scoreboard/pylons/image/ui/core/DefaultImageTileWidgets.java
      38      88    1427 src/java/core/leapstream/scoreboard/alien/ui/audio/wav/WavPlayable.java
      38      97    1170 src/java/core/leapstream/scoreboard/pylons/status/ui/core/DefaultStatusTileWidgets.java
      39      99    1525 src/java/core/leapstream/scoreboard/pylons/status/core/DefaultStatusPylonWirerFu.java
      39     121    1523 src/java/core/leapstream/scoreboard/core/entry/Main.java
      41     101    1182 src/java/core/leapstream/scoreboard/pylons/score/push/AudioScorePusher.java
      41     114    1526 src/java/core/leapstream/scoreboard/pylons/score/core/DefaultUiThing.java
      42     100    1504 src/java/core/leapstream/scoreboard/alien/net/protocol/https/HttpsSocketMaster.java
      42     104    1306 src/java/core/leapstream/scoreboard/alien/aqueduct/DefaultResivoir.java
      43      89    1040 src/java/core/leapstream/scoreboard/pylons/score/ui/comp/DefaultDialColors.java
      43     122    1368 src/java/core/leapstream/scoreboard/alien/gunge/DefaultStringSlurper.java
      44     105    1391 src/java/core/leapstream/scoreboard/core/entry/DefaultScoreboardArguments.java
      44     134    1328 src/java/core/leapstream/scoreboard/core/ui/key/KeyWeb.java
      45      99    1314 src/java/core/leapstream/scoreboard/core/ui/widgets/DefaultBoard.java
      46      98    1200 src/java/core/leapstream/scoreboard/pylons/score/ui/comp/DefaultTitle.java
      46     107    1092 src/java/core/leapstream/scoreboard/alien/ui/swing/containers/DefaultFailable.java
      46     131    1818 src/java/core/leapstream/scoreboard/pylons/score/core/HubWeb.java
      47     112    1700 src/java/core/leapstream/scoreboard/pylons/score/ui/lf/DefaultPropDefs.java
      48     118    1563 src/java/core/leapstream/scoreboard/pylons/score/push/PeggedUiScorePusher.java
      48     202    1543 src/java/core/leapstream/scoreboard/pylons/score/ui/layout/DefaultLayoutDud.java
      49     155    1377 src/java/core/leapstream/scoreboard/alien/clobber/read/lex/DefaultScanner.java
      51     164    1354 src/java/core/leapstream/scoreboard/alien/ui/swing/pear/Frame.java
      52     146    1555 src/java/core/leapstream/scoreboard/alien/script/DefaultScript.java
      54     111    1328 src/java/core/leapstream/scoreboard/pylons/score/ui/comp/DefaultPeg.java
      54     156    1562 src/java/core/leapstream/scoreboard/core/gunge/DefaultHistorian.java
      54     160    1757 src/java/core/leapstream/scoreboard/pylons/score/ui/wire/DefaultLayout.java
      55     137    1440 src/java/core/leapstream/scoreboard/core/ui/widgets/DefaultNavigableTiles.java
      57     133    1450 src/java/core/leapstream/scoreboard/pylons/score/state/DefaultScoreDelta.java
      57     163    1694 src/java/core/leapstream/scoreboard/alien/clobber/read/lex/DefaultTokenStream.java
      58     125    1737 src/java/core/leapstream/scoreboard/pylons/score/ui/comp/DefaultFreshness.java
      58     148    1966 src/java/core/leapstream/scoreboard/core/config/script/DefaultConfiguratorFu.java
      61     173    2203 src/java/core/leapstream/scoreboard/core/ui/layout/DefaultBoardLayoutManager.java
      67     172    1677 src/java/core/leapstream/scoreboard/core/ui/key/PumpingKeyListener.java
      67     233    2182 src/java/core/leapstream/scoreboard/alien/ui/gunge/layout/DefaultLayoutDude.java
      67     282    2184 src/java/core/leapstream/scoreboard/alien/ui/gunge/image/ScalableImageIcon.java
      69     188    2215 src/java/core/leapstream/scoreboard/pylons/score/ui/comp/DefaultStatus.java
      71     207    2942 src/java/core/leapstream/scoreboard/pylons/image/core/DefaultImagePylonWirerFu.java
      74     213    2470 src/java/core/leapstream/scoreboard/alien/clobber/read/lex/DefaultSimpleLexer.java
      78     203    2439 src/java/core/leapstream/scoreboard/core/entry/ScoreboardGo.java
      79     178    2126 src/java/core/leapstream/scoreboard/pylons/score/ui/comp/StatusDial.java
      79     214    2209 src/java/core/leapstream/scoreboard/pylons/score/ui/comp/DefaultPegs.java
      83     173    2503 src/java/core/leapstream/scoreboard/core/ui/fail/DefaultJollyRoger.java
     102     261    2977 src/java/core/leapstream/scoreboard/alien/clobber/read/lex/DefaultLexer.java
     105     230    2623 src/java/core/leapstream/scoreboard/pylons/score/ui/comp/PeggedDial.java
     109     306    2711 src/java/core/leapstream/scoreboard/alien/ui/swing/pear/_Label.java
     126     355    4303 src/java/core/leapstream/scoreboard/alien/clobber/read/parse/ImmutableParser.java
     127     309    5075 src/java/core/leapstream/scoreboard/core/ioc/ScoreboardWeb.java
     127     364    4246 src/java/core/leapstream/scoreboard/alien/clobber/read/lex/DefaultNuLexer.java
    7166   18650  216132 total
